<?xml version="1.0" encoding="UTF-8"?>
<robot generator="Robot 6.1.1 (Python 3.12.1 on win32)" generated="20240110 01:08:43.987" rpa="false" schemaversion="4">
<suite id="s1" name="Sanbercode-Quiz-4-Bootcamp-QA-batch-52" source="D:\Sanbercode\Sanbercode-Quiz-4-Bootcamp-QA-batch-52">
<suite id="s1-s1" name="Suites" source="D:\Sanbercode\Sanbercode-Quiz-4-Bootcamp-QA-batch-52\suites">
<suite id="s1-s1-s1" name="searchSuite" source="D:\Sanbercode\Sanbercode-Quiz-4-Bootcamp-QA-batch-52\suites\searchSuite.robot">
<test id="s1-s1-s1-t1" name="User should be able to search by booking ID" line="18">
<kw name="Run Keywords" library="BuiltIn" type="SETUP">
<arg>Open Flight Application</arg>
<arg>AND Login with Valid Credentials</arg>
<doc>Executes all the given keywords in a sequence.</doc>
<kw name="Open Flight Application" library="base">
<kw name="Open Application" library="AppiumLibrary">
<arg>remote_url=${REMOTE_URL}</arg>
<arg>platformName=${PLATFORM_NAME}</arg>
<arg>platformVersion=${PLATFORM_VERSION}</arg>
<arg>deviceName=${DEVICE_NAME}</arg>
<arg>appPackage=${APP_PACKAGE}</arg>
<arg>appActivity=${APP_ACTIVITY}</arg>
<doc>Opens a new application to given Appium server.
Capabilities of appium server, Android and iOS,
Please check https://github.com/appium/appium/blob/master/docs/en/writing-running-appium/server-args.md
| *Option*            | *Man.* | *Description*     |
| remote_url          | Yes    | Appium server url |
| alias               | no     | alias             |
| strict_ssl          | No     | allows you to send commands to an invalid certificate host like a self-signed one. |</doc>
<status status="PASS" starttime="20240110 01:08:44.337" endtime="20240110 01:08:52.252"/>
</kw>
<status status="PASS" starttime="20240110 01:08:44.337" endtime="20240110 01:08:52.252"/>
</kw>
<kw name="AND Login with Valid Credentials" library="loginPage">
<kw name="Verify Home Page Appears" library="homePage">
<kw name="Wait Until Element Is Visible" library="AppiumLibrary">
<arg>${logo_homePage}</arg>
<doc>Waits until element specified with `locator` is visible.</doc>
<msg timestamp="20240110 01:08:53.230" level="INFO">xpath criteria: //android.widget.ImageView[@resource-id="com.example.myapplication:id/imageView4"]</msg>
<status status="PASS" starttime="20240110 01:08:52.253" endtime="20240110 01:08:53.230"/>
</kw>
<status status="PASS" starttime="20240110 01:08:52.253" endtime="20240110 01:08:53.230"/>
</kw>
<kw name="Click Sign In Button On Home Page" library="homePage">
<kw name="Wait Until Element Is Visible" library="AppiumLibrary">
<arg>${signIn_button_homePage}</arg>
<doc>Waits until element specified with `locator` is visible.</doc>
<msg timestamp="20240110 01:08:53.353" level="INFO">xpath criteria: //android.widget.Button[@resource-id="com.example.myapplication:id/login"]</msg>
<status status="PASS" starttime="20240110 01:08:53.232" endtime="20240110 01:08:53.353"/>
</kw>
<kw name="Click Element" library="AppiumLibrary">
<arg>${signIn_button_homePage}</arg>
<doc>Click element identified by `locator`.</doc>
<msg timestamp="20240110 01:08:53.356" level="INFO">Clicking element '//android.widget.Button[@resource-id="com.example.myapplication:id/login"]'.</msg>
<msg timestamp="20240110 01:08:53.512" level="INFO">xpath criteria: //android.widget.Button[@resource-id="com.example.myapplication:id/login"]</msg>
<status status="PASS" starttime="20240110 01:08:53.353" endtime="20240110 01:08:53.512"/>
</kw>
<status status="PASS" starttime="20240110 01:08:53.231" endtime="20240110 01:08:53.512"/>
</kw>
<kw name="Verify Login Page Appears" library="loginPage">
<kw name="Wait Until Element Is Visible" library="AppiumLibrary">
<arg>${enter_userName}</arg>
<doc>Waits until element specified with `locator` is visible.</doc>
<msg timestamp="20240110 01:08:54.300" level="INFO">xpath criteria: //android.widget.TextView[@resource-id="com.example.myapplication:id/textView2"]
xpath criteria: //android.widget.TextView[@resource-id="com.example.myapplication:id/textView2"]</msg>
<status status="PASS" starttime="20240110 01:08:53.513" endtime="20240110 01:08:54.300"/>
</kw>
<kw name="Wait Until Element Is Visible" library="AppiumLibrary">
<arg>${enter_password}</arg>
<doc>Waits until element specified with `locator` is visible.</doc>
<msg timestamp="20240110 01:08:54.365" level="INFO">xpath criteria: //android.widget.TextView[@resource-id="com.example.myapplication:id/textView5"]</msg>
<status status="PASS" starttime="20240110 01:08:54.301" endtime="20240110 01:08:54.365"/>
</kw>
<kw name="Wait Until Element Is Visible" library="AppiumLibrary">
<arg>${signIn_button_login}</arg>
<doc>Waits until element specified with `locator` is visible.</doc>
<msg timestamp="20240110 01:08:54.433" level="INFO">xpath criteria: //android.widget.Button[@resource-id="com.example.myapplication:id/signIn"]</msg>
<status status="PASS" starttime="20240110 01:08:54.365" endtime="20240110 01:08:54.433"/>
</kw>
<status status="PASS" starttime="20240110 01:08:53.513" endtime="20240110 01:08:54.433"/>
</kw>
<kw name="Input Username On Login Page" library="loginPage">
<arg>${email}</arg>
<kw name="Input Text" library="AppiumLibrary">
<arg>${input_email}</arg>
<arg>${email}</arg>
<doc>Types the given `text` into text field identified by `locator`.</doc>
<msg timestamp="20240110 01:08:54.435" level="INFO">Typing text 'support@ngendigital.com' into text field '//android.widget.EditText[@resource-id="com.example.myapplication:id/username"]'</msg>
<msg timestamp="20240110 01:08:54.515" level="INFO">xpath criteria: //android.widget.EditText[@resource-id="com.example.myapplication:id/username"]</msg>
<status status="PASS" starttime="20240110 01:08:54.433" endtime="20240110 01:08:54.515"/>
</kw>
<status status="PASS" starttime="20240110 01:08:54.433" endtime="20240110 01:08:54.515"/>
</kw>
<kw name="Input Password On Login Page" library="loginPage">
<arg>${password}</arg>
<kw name="Input Text" library="AppiumLibrary">
<arg>${input_password}</arg>
<arg>${password}</arg>
<doc>Types the given `text` into text field identified by `locator`.</doc>
<msg timestamp="20240110 01:08:54.519" level="INFO">Typing text 'abc123' into text field '//android.widget.EditText[@resource-id="com.example.myapplication:id/password"]'</msg>
<msg timestamp="20240110 01:08:55.071" level="INFO">xpath criteria: //android.widget.EditText[@resource-id="com.example.myapplication:id/password"]</msg>
<status status="PASS" starttime="20240110 01:08:54.516" endtime="20240110 01:08:55.071"/>
</kw>
<status status="PASS" starttime="20240110 01:08:54.515" endtime="20240110 01:08:55.072"/>
</kw>
<kw name="Click Sign In Button On Login Page" library="loginPage">
<kw name="Click Element" library="AppiumLibrary">
<arg>${signIn_button_login}</arg>
<doc>Click element identified by `locator`.</doc>
<msg timestamp="20240110 01:08:55.075" level="INFO">Clicking element '//android.widget.Button[@resource-id="com.example.myapplication:id/signIn"]'.</msg>
<msg timestamp="20240110 01:08:55.627" level="INFO">xpath criteria: //android.widget.Button[@resource-id="com.example.myapplication:id/signIn"]</msg>
<status status="PASS" starttime="20240110 01:08:55.072" endtime="20240110 01:08:55.627"/>
</kw>
<status status="PASS" starttime="20240110 01:08:55.072" endtime="20240110 01:08:55.627"/>
</kw>
<status status="PASS" starttime="20240110 01:08:52.252" endtime="20240110 01:08:55.627"/>
</kw>
<status status="PASS" starttime="20240110 01:08:44.337" endtime="20240110 01:08:55.627"/>
</kw>
<kw name="Verify User Is Logged In" library="homePage">
<kw name="Wait Until Element Is Visible" library="AppiumLibrary">
<arg>${user_text_homePage}</arg>
<doc>Waits until element specified with `locator` is visible.</doc>
<msg timestamp="20240110 01:08:56.307" level="INFO">xpath criteria: //android.widget.TextView[@resource-id="com.example.myapplication:id/textView"]
xpath criteria: //android.widget.TextView[@resource-id="com.example.myapplication:id/textView"]</msg>
<status status="PASS" starttime="20240110 01:08:55.629" endtime="20240110 01:08:56.307"/>
</kw>
<status status="PASS" starttime="20240110 01:08:55.627" endtime="20240110 01:08:56.307"/>
</kw>
<kw name="Click Search Button On Home Page" library="homePage">
<kw name="Wait Until Element Is Visible" library="AppiumLibrary">
<arg>${search_button_homePage}</arg>
<doc>Waits until element specified with `locator` is visible.</doc>
<msg timestamp="20240110 01:08:56.366" level="INFO">xpath criteria: //android.widget.Button[@resource-id="com.example.myapplication:id/search_flight"]</msg>
<status status="PASS" starttime="20240110 01:08:56.309" endtime="20240110 01:08:56.366"/>
</kw>
<kw name="Click Element" library="AppiumLibrary">
<arg>${search_button_homePage}</arg>
<doc>Click element identified by `locator`.</doc>
<msg timestamp="20240110 01:08:56.369" level="INFO">Clicking element '//android.widget.Button[@resource-id="com.example.myapplication:id/search_flight"]'.</msg>
<msg timestamp="20240110 01:08:56.429" level="INFO">xpath criteria: //android.widget.Button[@resource-id="com.example.myapplication:id/search_flight"]</msg>
<status status="PASS" starttime="20240110 01:08:56.366" endtime="20240110 01:08:56.429"/>
</kw>
<status status="PASS" starttime="20240110 01:08:56.307" endtime="20240110 01:08:56.429"/>
</kw>
<kw name="Verify Search Page Appears" library="searchPage">
<kw name="Wait Until Element Is Visible" library="AppiumLibrary">
<arg>${Input_ID}</arg>
<doc>Waits until element specified with `locator` is visible.</doc>
<msg timestamp="20240110 01:08:57.276" level="INFO">xpath criteria: //android.widget.EditText[@resource-id="com.example.myapplication:id/flight_number"]
xpath criteria: //android.widget.EditText[@resource-id="com.example.myapplication:id/flight_number"]</msg>
<status status="PASS" starttime="20240110 01:08:56.430" endtime="20240110 01:08:57.276"/>
</kw>
<kw name="Wait Until Element Is Visible" library="AppiumLibrary">
<arg>${search_button_searchPage}</arg>
<doc>Waits until element specified with `locator` is visible.</doc>
<msg timestamp="20240110 01:08:57.336" level="INFO">xpath criteria: //android.widget.Button[@resource-id="com.example.myapplication:id/searchFlight"]</msg>
<status status="PASS" starttime="20240110 01:08:57.276" endtime="20240110 01:08:57.336"/>
</kw>
<status status="PASS" starttime="20240110 01:08:56.429" endtime="20240110 01:08:57.336"/>
</kw>
<kw name="Input Booking ID" library="searchPage">
<kw name="Input Text" library="AppiumLibrary">
<arg>${Input_ID}</arg>
<arg>${booking_ID}</arg>
<doc>Types the given `text` into text field identified by `locator`.</doc>
<msg timestamp="20240110 01:08:57.339" level="INFO">Typing text 'DA935' into text field '//android.widget.EditText[@resource-id="com.example.myapplication:id/flight_number"]'</msg>
<msg timestamp="20240110 01:08:57.415" level="INFO">xpath criteria: //android.widget.EditText[@resource-id="com.example.myapplication:id/flight_number"]</msg>
<status status="PASS" starttime="20240110 01:08:57.337" endtime="20240110 01:08:57.415"/>
</kw>
<status status="PASS" starttime="20240110 01:08:57.337" endtime="20240110 01:08:57.415"/>
</kw>
<kw name="Click Search Button On Search Page" library="searchPage">
<kw name="Wait Until Element Is Visible" library="AppiumLibrary">
<arg>${search_button_searchPage}</arg>
<doc>Waits until element specified with `locator` is visible.</doc>
<msg timestamp="20240110 01:08:57.957" level="INFO">xpath criteria: //android.widget.Button[@resource-id="com.example.myapplication:id/searchFlight"]</msg>
<status status="PASS" starttime="20240110 01:08:57.416" endtime="20240110 01:08:57.957"/>
</kw>
<kw name="Click Element" library="AppiumLibrary">
<arg>${search_button_searchPage}</arg>
<doc>Click element identified by `locator`.</doc>
<msg timestamp="20240110 01:08:57.959" level="INFO">Clicking element '//android.widget.Button[@resource-id="com.example.myapplication:id/searchFlight"]'.</msg>
<msg timestamp="20240110 01:08:58.020" level="INFO">xpath criteria: //android.widget.Button[@resource-id="com.example.myapplication:id/searchFlight"]</msg>
<status status="PASS" starttime="20240110 01:08:57.957" endtime="20240110 01:08:58.020"/>
</kw>
<status status="PASS" starttime="20240110 01:08:57.415" endtime="20240110 01:08:58.020"/>
</kw>
<kw name="Verify Reservation Page" library="searchPage">
<kw name="Wait Until Element Is Visible" library="AppiumLibrary">
<arg>${departed_text}</arg>
<doc>Waits until element specified with `locator` is visible.</doc>
<msg timestamp="20240110 01:08:58.733" level="INFO">xpath criteria: //android.widget.TextView[@text="Departed"]
xpath criteria: //android.widget.TextView[@text="Departed"]</msg>
<status status="PASS" starttime="20240110 01:08:58.021" endtime="20240110 01:08:58.733"/>
</kw>
<status status="PASS" starttime="20240110 01:08:58.021" endtime="20240110 01:08:58.733"/>
</kw>
<status status="PASS" starttime="20240110 01:08:44.336" endtime="20240110 01:08:58.734"/>
</test>
<status status="PASS" starttime="20240110 01:08:44.018" endtime="20240110 01:08:58.735"/>
</suite>
<status status="PASS" starttime="20240110 01:08:44.014" endtime="20240110 01:08:58.736"/>
</suite>
<status status="PASS" starttime="20240110 01:08:43.989" endtime="20240110 01:08:58.738"/>
</suite>
<statistics>
<total>
<stat pass="1" fail="0" skip="0">All Tests</stat>
</total>
<tag>
</tag>
<suite>
<stat pass="1" fail="0" skip="0" id="s1" name="Sanbercode-Quiz-4-Bootcamp-QA-batch-52">Sanbercode-Quiz-4-Bootcamp-QA-batch-52</stat>
<stat pass="1" fail="0" skip="0" id="s1-s1" name="Suites">Sanbercode-Quiz-4-Bootcamp-QA-batch-52.Suites</stat>
<stat pass="1" fail="0" skip="0" id="s1-s1-s1" name="searchSuite">Sanbercode-Quiz-4-Bootcamp-QA-batch-52.Suites.searchSuite</stat>
</suite>
</statistics>
<errors>
<msg timestamp="20240110 01:08:44.334" level="ERROR">Error in file 'D:\Sanbercode\Sanbercode-Quiz-4-Bootcamp-QA-batch-52\suites\loginSuite.robot' on line 4: Setting 'Test Setup' is not allowed in resource file.</msg>
<msg timestamp="20240110 01:08:44.334" level="ERROR">Error in file 'D:\Sanbercode\Sanbercode-Quiz-4-Bootcamp-QA-batch-52\suites\searchSuite.robot' on line 7: Error in file 'D:\Sanbercode\Sanbercode-Quiz-4-Bootcamp-QA-batch-52\suites\loginSuite.robot' on line 16: Resource file with 'Test Cases' section is invalid.</msg>
</errors>
</robot>
